<?xml version="1.0" encoding="UTF-8"?>
<testng-results skipped="0" failed="0" ignored="0" total="1" passed="1">
  <reporter-output>
  </reporter-output>
  <suite name="Suite" duration-ms="9413" started-at="2018-10-04T13:59:55Z" finished-at="2018-10-04T14:00:04Z">
    <groups>
    </groups>
    <test name="Test" duration-ms="9413" started-at="2018-10-04T13:59:55Z" finished-at="2018-10-04T14:00:04Z">
      <class name="framework.Configuration">
        <test-method status="PASS" signature="close_Browsers(java.lang.String)[pri:0, instance:framework.Configuration@33c7e1bb]" name="close_Browsers" is-config="true" duration-ms="54" started-at="2018-10-04T13:59:55Z" finished-at="2018-10-04T13:59:55Z">
          <params>
            <param index="0">
              <value is-null="true"/>
            </param>
          </params>
          <reporter-output>
          </reporter-output>
        </test-method> <!-- close_Browsers -->
      </class> <!-- framework.Configuration -->
      <class name="framework.Events">
        <test-method status="PASS" signature="LaunchBrowser(java.lang.String)[pri:0, instance:framework.Events@34c4973]" name="LaunchBrowser" duration-ms="9341" started-at="2018-10-04T13:59:55Z" finished-at="2018-10-04T14:00:04Z">
          <params>
            <param index="0">
              <value>
                <![CDATA[chrome]]>
              </value>
            </param>
          </params>
          <reporter-output>
          </reporter-output>
        </test-method> <!-- LaunchBrowser -->
      </class> <!-- framework.Events -->
    </test> <!-- Test -->
  </suite> <!-- Suite -->
</testng-results>
